04/05/2018 12:44:00 [http-nio-8080-exec-5] DEBUG o.s.web.servlet.DispatcherServlet - DispatcherServlet with name 'BestOfBlog' processing GET request for [/SpringBlog/welcome.html]
04/05/2018 12:44:00 [http-nio-8080-exec-5] DEBUG o.s.w.s.m.m.a.RequestMappingHandlerMapping - Looking up handler method for path /welcome.html
04/05/2018 12:44:00 [http-nio-8080-exec-5] DEBUG o.s.w.s.m.m.a.RequestMappingHandlerMapping - Returning handler method [org.springframework.web.servlet.ModelAndView fr.gtm.controller.IndexController.displayIndex()]
04/05/2018 12:44:00 [http-nio-8080-exec-5] DEBUG o.s.web.servlet.DispatcherServlet - Last-Modified value for [/SpringBlog/welcome.html] is: -1
04/05/2018 12:44:00 [http-nio-8080-exec-5] DEBUG o.s.web.servlet.DispatcherServlet - Rendering view [org.springframework.web.servlet.view.JstlView: name 'welcome'; URL [/WEB-INF/views/welcome.jsp]] in DispatcherServlet with name 'BestOfBlog'
04/05/2018 12:44:00 [http-nio-8080-exec-5] DEBUG o.s.web.servlet.view.JstlView - Added model object 'articles' of type [java.util.ArrayList] to request in view with name 'welcome'
04/05/2018 12:44:00 [http-nio-8080-exec-5] DEBUG o.s.web.servlet.view.JstlView - Forwarding to resource [/WEB-INF/views/welcome.jsp] in InternalResourceView 'welcome'
04/05/2018 12:44:00 [http-nio-8080-exec-5] DEBUG o.s.web.servlet.DispatcherServlet - Successfully completed request
04/05/2018 12:44:00 [http-nio-8080-exec-6] DEBUG o.s.web.servlet.DispatcherServlet - DispatcherServlet with name 'BestOfBlog' processing GET request for [/SpringBlog/js/bootstrap.min.js%7D]
04/05/2018 12:44:00 [http-nio-8080-exec-6] DEBUG o.s.w.s.m.m.a.RequestMappingHandlerMapping - Looking up handler method for path /js/bootstrap.min.js}
04/05/2018 12:44:00 [http-nio-8080-exec-6] DEBUG o.s.w.s.m.m.a.RequestMappingHandlerMapping - Did not find handler method for [/js/bootstrap.min.js}]
04/05/2018 12:44:00 [http-nio-8080-exec-6] DEBUG o.s.w.s.h.SimpleUrlHandlerMapping - Matching patterns for request [/js/bootstrap.min.js}] are [/js/**]
04/05/2018 12:44:00 [http-nio-8080-exec-6] DEBUG o.s.w.s.h.SimpleUrlHandlerMapping - URI Template variables for request [/js/bootstrap.min.js}] are {}
04/05/2018 12:44:00 [http-nio-8080-exec-6] DEBUG o.s.w.s.h.SimpleUrlHandlerMapping - Mapping [/js/bootstrap.min.js}] to HandlerExecutionChain with handler [ResourceHttpRequestHandler [locations=[ServletContext resource [/js/]], resolvers=[org.springframework.web.servlet.resource.PathResourceResolver@6a8f365b]]] and 1 interceptor
04/05/2018 12:44:00 [http-nio-8080-exec-6] DEBUG o.s.web.servlet.DispatcherServlet - Last-Modified value for [/SpringBlog/js/bootstrap.min.js%7D] is: -1
04/05/2018 12:44:00 [http-nio-8080-exec-6] DEBUG o.s.web.servlet.DispatcherServlet - Null ModelAndView returned to DispatcherServlet with name 'BestOfBlog': assuming HandlerAdapter completed request handling
04/05/2018 12:44:00 [http-nio-8080-exec-6] DEBUG o.s.web.servlet.DispatcherServlet - Successfully completed request
04/05/2018 12:44:19 [http-nio-8080-exec-10] DEBUG o.s.web.servlet.DispatcherServlet - DispatcherServlet with name 'BestOfBlog' processing GET request for [/SpringBlog/formulaire.zzz]
04/05/2018 12:44:19 [http-nio-8080-exec-10] DEBUG o.s.w.s.m.m.a.RequestMappingHandlerMapping - Looking up handler method for path /formulaire.zzz
04/05/2018 12:44:19 [http-nio-8080-exec-10] DEBUG o.s.w.s.m.m.a.RequestMappingHandlerMapping - Returning handler method [org.springframework.web.servlet.ModelAndView fr.gtm.controller.IndexController.displayForm()]
04/05/2018 12:44:19 [http-nio-8080-exec-10] DEBUG o.s.web.servlet.DispatcherServlet - Last-Modified value for [/SpringBlog/formulaire.zzz] is: -1
04/05/2018 12:44:19 [http-nio-8080-exec-10] DEBUG o.s.web.servlet.DispatcherServlet - Rendering view [org.springframework.web.servlet.view.JstlView: name 'formulaire'; URL [/WEB-INF/views/formulaire.jsp]] in DispatcherServlet with name 'BestOfBlog'
04/05/2018 12:44:19 [http-nio-8080-exec-10] DEBUG o.s.web.servlet.view.JstlView - Forwarding to resource [/WEB-INF/views/formulaire.jsp] in InternalResourceView 'formulaire'
04/05/2018 12:44:20 [http-nio-8080-exec-10] DEBUG o.s.web.servlet.DispatcherServlet - Successfully completed request
04/05/2018 12:44:20 [http-nio-8080-exec-4] DEBUG o.s.web.servlet.DispatcherServlet - DispatcherServlet with name 'BestOfBlog' processing GET request for [/SpringBlog/js/bootstrap.min.js%7D]
04/05/2018 12:44:20 [http-nio-8080-exec-4] DEBUG o.s.w.s.m.m.a.RequestMappingHandlerMapping - Looking up handler method for path /js/bootstrap.min.js}
04/05/2018 12:44:20 [http-nio-8080-exec-4] DEBUG o.s.w.s.m.m.a.RequestMappingHandlerMapping - Did not find handler method for [/js/bootstrap.min.js}]
04/05/2018 12:44:20 [http-nio-8080-exec-4] DEBUG o.s.w.s.h.SimpleUrlHandlerMapping - Matching patterns for request [/js/bootstrap.min.js}] are [/js/**]
04/05/2018 12:44:20 [http-nio-8080-exec-4] DEBUG o.s.w.s.h.SimpleUrlHandlerMapping - URI Template variables for request [/js/bootstrap.min.js}] are {}
04/05/2018 12:44:20 [http-nio-8080-exec-4] DEBUG o.s.w.s.h.SimpleUrlHandlerMapping - Mapping [/js/bootstrap.min.js}] to HandlerExecutionChain with handler [ResourceHttpRequestHandler [locations=[ServletContext resource [/js/]], resolvers=[org.springframework.web.servlet.resource.PathResourceResolver@6a8f365b]]] and 1 interceptor
04/05/2018 12:44:20 [http-nio-8080-exec-4] DEBUG o.s.web.servlet.DispatcherServlet - Last-Modified value for [/SpringBlog/js/bootstrap.min.js%7D] is: -1
04/05/2018 12:44:20 [http-nio-8080-exec-4] DEBUG o.s.web.servlet.DispatcherServlet - Null ModelAndView returned to DispatcherServlet with name 'BestOfBlog': assuming HandlerAdapter completed request handling
04/05/2018 12:44:20 [http-nio-8080-exec-4] DEBUG o.s.web.servlet.DispatcherServlet - Successfully completed request
04/05/2018 12:44:23 [http-nio-8080-exec-1] DEBUG o.s.web.servlet.DispatcherServlet - DispatcherServlet with name 'BestOfBlog' processing GET request for [/SpringBlog/welcome.xx]
04/05/2018 12:44:23 [http-nio-8080-exec-1] DEBUG o.s.w.s.m.m.a.RequestMappingHandlerMapping - Looking up handler method for path /welcome.xx
04/05/2018 12:44:23 [http-nio-8080-exec-1] DEBUG o.s.w.s.m.m.a.RequestMappingHandlerMapping - Returning handler method [org.springframework.web.servlet.ModelAndView fr.gtm.controller.IndexController.displayIndex()]
04/05/2018 12:44:23 [http-nio-8080-exec-1] DEBUG o.s.web.servlet.DispatcherServlet - Last-Modified value for [/SpringBlog/welcome.xx] is: -1
04/05/2018 12:44:23 [http-nio-8080-exec-1] DEBUG o.s.web.servlet.DispatcherServlet - Rendering view [org.springframework.web.servlet.view.JstlView: name 'welcome'; URL [/WEB-INF/views/welcome.jsp]] in DispatcherServlet with name 'BestOfBlog'
04/05/2018 12:44:23 [http-nio-8080-exec-1] DEBUG o.s.web.servlet.view.JstlView - Added model object 'articles' of type [java.util.ArrayList] to request in view with name 'welcome'
04/05/2018 12:44:23 [http-nio-8080-exec-1] DEBUG o.s.web.servlet.view.JstlView - Forwarding to resource [/WEB-INF/views/welcome.jsp] in InternalResourceView 'welcome'
04/05/2018 12:44:23 [http-nio-8080-exec-1] DEBUG o.s.web.servlet.DispatcherServlet - Successfully completed request
04/05/2018 12:44:23 [http-nio-8080-exec-5] DEBUG o.s.web.servlet.DispatcherServlet - DispatcherServlet with name 'BestOfBlog' processing GET request for [/SpringBlog/js/bootstrap.min.js%7D]
04/05/2018 12:44:23 [http-nio-8080-exec-5] DEBUG o.s.w.s.m.m.a.RequestMappingHandlerMapping - Looking up handler method for path /js/bootstrap.min.js}
04/05/2018 12:44:23 [http-nio-8080-exec-5] DEBUG o.s.w.s.m.m.a.RequestMappingHandlerMapping - Did not find handler method for [/js/bootstrap.min.js}]
04/05/2018 12:44:23 [http-nio-8080-exec-5] DEBUG o.s.w.s.h.SimpleUrlHandlerMapping - Matching patterns for request [/js/bootstrap.min.js}] are [/js/**]
04/05/2018 12:44:23 [http-nio-8080-exec-5] DEBUG o.s.w.s.h.SimpleUrlHandlerMapping - URI Template variables for request [/js/bootstrap.min.js}] are {}
04/05/2018 12:44:23 [http-nio-8080-exec-5] DEBUG o.s.w.s.h.SimpleUrlHandlerMapping - Mapping [/js/bootstrap.min.js}] to HandlerExecutionChain with handler [ResourceHttpRequestHandler [locations=[ServletContext resource [/js/]], resolvers=[org.springframework.web.servlet.resource.PathResourceResolver@6a8f365b]]] and 1 interceptor
04/05/2018 12:44:23 [http-nio-8080-exec-5] DEBUG o.s.web.servlet.DispatcherServlet - Last-Modified value for [/SpringBlog/js/bootstrap.min.js%7D] is: -1
04/05/2018 12:44:23 [http-nio-8080-exec-5] DEBUG o.s.web.servlet.DispatcherServlet - Null ModelAndView returned to DispatcherServlet with name 'BestOfBlog': assuming HandlerAdapter completed request handling
04/05/2018 12:44:23 [http-nio-8080-exec-5] DEBUG o.s.web.servlet.DispatcherServlet - Successfully completed request
04/05/2018 14:17:01 [http-nio-8080-exec-9] DEBUG o.s.web.servlet.DispatcherServlet - DispatcherServlet with name 'BestOfBlog' processing GET request for [/SpringBlog/formulaire.zzz]
04/05/2018 14:17:01 [http-nio-8080-exec-9] DEBUG o.s.w.s.m.m.a.RequestMappingHandlerMapping - Looking up handler method for path /formulaire.zzz
04/05/2018 14:17:01 [http-nio-8080-exec-9] DEBUG o.s.w.s.m.m.a.RequestMappingHandlerMapping - Returning handler method [org.springframework.web.servlet.ModelAndView fr.gtm.controller.IndexController.displayForm()]
04/05/2018 14:17:01 [http-nio-8080-exec-9] DEBUG o.s.web.servlet.DispatcherServlet - Last-Modified value for [/SpringBlog/formulaire.zzz] is: -1
04/05/2018 14:17:01 [http-nio-8080-exec-9] DEBUG o.s.web.servlet.DispatcherServlet - Rendering view [org.springframework.web.servlet.view.JstlView: name 'formulaire'; URL [/WEB-INF/views/formulaire.jsp]] in DispatcherServlet with name 'BestOfBlog'
04/05/2018 14:17:01 [http-nio-8080-exec-9] DEBUG o.s.web.servlet.view.JstlView - Forwarding to resource [/WEB-INF/views/formulaire.jsp] in InternalResourceView 'formulaire'
04/05/2018 14:17:01 [http-nio-8080-exec-9] DEBUG o.s.web.servlet.DispatcherServlet - Successfully completed request
04/05/2018 14:17:01 [http-nio-8080-exec-7] DEBUG o.s.web.servlet.DispatcherServlet - DispatcherServlet with name 'BestOfBlog' processing GET request for [/SpringBlog/js/bootstrap.min.js%7D]
04/05/2018 14:17:01 [http-nio-8080-exec-7] DEBUG o.s.w.s.m.m.a.RequestMappingHandlerMapping - Looking up handler method for path /js/bootstrap.min.js}
04/05/2018 14:17:01 [http-nio-8080-exec-7] DEBUG o.s.w.s.m.m.a.RequestMappingHandlerMapping - Did not find handler method for [/js/bootstrap.min.js}]
04/05/2018 14:17:01 [http-nio-8080-exec-7] DEBUG o.s.w.s.h.SimpleUrlHandlerMapping - Matching patterns for request [/js/bootstrap.min.js}] are [/js/**]
04/05/2018 14:17:01 [http-nio-8080-exec-7] DEBUG o.s.w.s.h.SimpleUrlHandlerMapping - URI Template variables for request [/js/bootstrap.min.js}] are {}
04/05/2018 14:17:01 [http-nio-8080-exec-7] DEBUG o.s.w.s.h.SimpleUrlHandlerMapping - Mapping [/js/bootstrap.min.js}] to HandlerExecutionChain with handler [ResourceHttpRequestHandler [locations=[ServletContext resource [/js/]], resolvers=[org.springframework.web.servlet.resource.PathResourceResolver@6a8f365b]]] and 1 interceptor
04/05/2018 14:17:01 [http-nio-8080-exec-7] DEBUG o.s.web.servlet.DispatcherServlet - Last-Modified value for [/SpringBlog/js/bootstrap.min.js%7D] is: -1
04/05/2018 14:17:01 [http-nio-8080-exec-7] DEBUG o.s.web.servlet.DispatcherServlet - Null ModelAndView returned to DispatcherServlet with name 'BestOfBlog': assuming HandlerAdapter completed request handling
04/05/2018 14:17:01 [http-nio-8080-exec-7] DEBUG o.s.web.servlet.DispatcherServlet - Successfully completed request
04/05/2018 14:17:01 [http-nio-8080-exec-2] DEBUG o.s.web.servlet.DispatcherServlet - DispatcherServlet with name 'BestOfBlog' processing GET request for [/SpringBlog/js/jquery-3.3.1.min.js]
04/05/2018 14:17:01 [http-nio-8080-exec-2] DEBUG o.s.w.s.m.m.a.RequestMappingHandlerMapping - Looking up handler method for path /js/jquery-3.3.1.min.js
04/05/2018 14:17:01 [http-nio-8080-exec-2] DEBUG o.s.w.s.m.m.a.RequestMappingHandlerMapping - Did not find handler method for [/js/jquery-3.3.1.min.js]
04/05/2018 14:17:01 [http-nio-8080-exec-2] DEBUG o.s.w.s.h.SimpleUrlHandlerMapping - Matching patterns for request [/js/jquery-3.3.1.min.js] are [/js/**]
04/05/2018 14:17:01 [http-nio-8080-exec-2] DEBUG o.s.w.s.h.SimpleUrlHandlerMapping - URI Template variables for request [/js/jquery-3.3.1.min.js] are {}
04/05/2018 14:17:01 [http-nio-8080-exec-2] DEBUG o.s.w.s.h.SimpleUrlHandlerMapping - Mapping [/js/jquery-3.3.1.min.js] to HandlerExecutionChain with handler [ResourceHttpRequestHandler [locations=[ServletContext resource [/js/]], resolvers=[org.springframework.web.servlet.resource.PathResourceResolver@6a8f365b]]] and 1 interceptor
04/05/2018 14:17:01 [http-nio-8080-exec-2] DEBUG o.s.web.servlet.DispatcherServlet - Last-Modified value for [/SpringBlog/js/jquery-3.3.1.min.js] is: -1
04/05/2018 14:17:01 [http-nio-8080-exec-3] DEBUG o.s.web.servlet.DispatcherServlet - DispatcherServlet with name 'BestOfBlog' processing GET request for [/SpringBlog/css/bootstrap.min.css]
04/05/2018 14:17:01 [http-nio-8080-exec-3] DEBUG o.s.w.s.m.m.a.RequestMappingHandlerMapping - Looking up handler method for path /css/bootstrap.min.css
04/05/2018 14:17:01 [http-nio-8080-exec-3] DEBUG o.s.w.s.m.m.a.RequestMappingHandlerMapping - Did not find handler method for [/css/bootstrap.min.css]
04/05/2018 14:17:01 [http-nio-8080-exec-3] DEBUG o.s.w.s.h.SimpleUrlHandlerMapping - Matching patterns for request [/css/bootstrap.min.css] are [/css/**]
04/05/2018 14:17:01 [http-nio-8080-exec-3] DEBUG o.s.w.s.h.SimpleUrlHandlerMapping - URI Template variables for request [/css/bootstrap.min.css] are {}
04/05/2018 14:17:01 [http-nio-8080-exec-3] DEBUG o.s.w.s.h.SimpleUrlHandlerMapping - Mapping [/css/bootstrap.min.css] to HandlerExecutionChain with handler [ResourceHttpRequestHandler [locations=[ServletContext resource [/css/]], resolvers=[org.springframework.web.servlet.resource.PathResourceResolver@6684e9ed]]] and 1 interceptor
04/05/2018 14:17:01 [http-nio-8080-exec-3] DEBUG o.s.web.servlet.DispatcherServlet - Last-Modified value for [/SpringBlog/css/bootstrap.min.css] is: -1
04/05/2018 14:17:01 [http-nio-8080-exec-3] DEBUG o.s.web.servlet.DispatcherServlet - Null ModelAndView returned to DispatcherServlet with name 'BestOfBlog': assuming HandlerAdapter completed request handling
04/05/2018 14:17:01 [http-nio-8080-exec-3] DEBUG o.s.web.servlet.DispatcherServlet - Successfully completed request
04/05/2018 14:17:01 [http-nio-8080-exec-2] DEBUG o.s.web.servlet.DispatcherServlet - Null ModelAndView returned to DispatcherServlet with name 'BestOfBlog': assuming HandlerAdapter completed request handling
04/05/2018 14:17:01 [http-nio-8080-exec-2] DEBUG o.s.web.servlet.DispatcherServlet - Successfully completed request
04/05/2018 14:17:01 [http-nio-8080-exec-8] DEBUG o.s.web.servlet.DispatcherServlet - DispatcherServlet with name 'BestOfBlog' processing GET request for [/SpringBlog/js/bootstrap.min.js%7D]
04/05/2018 14:17:01 [http-nio-8080-exec-8] DEBUG o.s.w.s.m.m.a.RequestMappingHandlerMapping - Looking up handler method for path /js/bootstrap.min.js}
04/05/2018 14:17:01 [http-nio-8080-exec-8] DEBUG o.s.w.s.m.m.a.RequestMappingHandlerMapping - Did not find handler method for [/js/bootstrap.min.js}]
04/05/2018 14:17:01 [http-nio-8080-exec-8] DEBUG o.s.w.s.h.SimpleUrlHandlerMapping - Matching patterns for request [/js/bootstrap.min.js}] are [/js/**]
04/05/2018 14:17:01 [http-nio-8080-exec-8] DEBUG o.s.w.s.h.SimpleUrlHandlerMapping - URI Template variables for request [/js/bootstrap.min.js}] are {}
04/05/2018 14:17:01 [http-nio-8080-exec-8] DEBUG o.s.w.s.h.SimpleUrlHandlerMapping - Mapping [/js/bootstrap.min.js}] to HandlerExecutionChain with handler [ResourceHttpRequestHandler [locations=[ServletContext resource [/js/]], resolvers=[org.springframework.web.servlet.resource.PathResourceResolver@6a8f365b]]] and 1 interceptor
04/05/2018 14:17:01 [http-nio-8080-exec-8] DEBUG o.s.web.servlet.DispatcherServlet - Last-Modified value for [/SpringBlog/js/bootstrap.min.js%7D] is: -1
04/05/2018 14:17:01 [http-nio-8080-exec-8] DEBUG o.s.web.servlet.DispatcherServlet - Null ModelAndView returned to DispatcherServlet with name 'BestOfBlog': assuming HandlerAdapter completed request handling
04/05/2018 14:17:01 [http-nio-8080-exec-8] DEBUG o.s.web.servlet.DispatcherServlet - Successfully completed request
04/05/2018 14:17:11 [http-nio-8080-exec-10] DEBUG o.s.web.servlet.DispatcherServlet - DispatcherServlet with name 'BestOfBlog' processing POST request for [/SpringBlog/formulaire.zzz]
04/05/2018 14:17:11 [http-nio-8080-exec-10] DEBUG o.s.w.s.m.m.a.RequestMappingHandlerMapping - Looking up handler method for path /formulaire.zzz
04/05/2018 14:17:11 [http-nio-8080-exec-10] DEBUG o.s.w.s.m.m.a.RequestMappingHandlerMapping - Returning handler method [org.springframework.web.servlet.ModelAndView fr.gtm.controller.IndexController.validateForm(java.lang.String,java.lang.String)]
04/05/2018 14:17:11 [http-nio-8080-exec-10] DEBUG o.s.web.servlet.DispatcherServlet - Rendering view [org.springframework.web.servlet.view.JstlView: name 'welcome'; URL [/WEB-INF/views/welcome.jsp]] in DispatcherServlet with name 'BestOfBlog'
04/05/2018 14:17:11 [http-nio-8080-exec-10] DEBUG o.s.web.servlet.view.JstlView - Added model object 'articles' of type [java.util.ArrayList] to request in view with name 'welcome'
04/05/2018 14:17:11 [http-nio-8080-exec-10] DEBUG o.s.web.servlet.view.JstlView - Forwarding to resource [/WEB-INF/views/welcome.jsp] in InternalResourceView 'welcome'
04/05/2018 14:17:11 [http-nio-8080-exec-10] DEBUG o.s.web.servlet.DispatcherServlet - Successfully completed request
04/05/2018 14:17:11 [http-nio-8080-exec-4] DEBUG o.s.web.servlet.DispatcherServlet - DispatcherServlet with name 'BestOfBlog' processing GET request for [/SpringBlog/js/bootstrap.min.js%7D]
04/05/2018 14:17:11 [http-nio-8080-exec-4] DEBUG o.s.w.s.m.m.a.RequestMappingHandlerMapping - Looking up handler method for path /js/bootstrap.min.js}
04/05/2018 14:17:11 [http-nio-8080-exec-4] DEBUG o.s.w.s.m.m.a.RequestMappingHandlerMapping - Did not find handler method for [/js/bootstrap.min.js}]
04/05/2018 14:17:11 [http-nio-8080-exec-4] DEBUG o.s.w.s.h.SimpleUrlHandlerMapping - Matching patterns for request [/js/bootstrap.min.js}] are [/js/**]
04/05/2018 14:17:11 [http-nio-8080-exec-4] DEBUG o.s.w.s.h.SimpleUrlHandlerMapping - URI Template variables for request [/js/bootstrap.min.js}] are {}
04/05/2018 14:17:11 [http-nio-8080-exec-4] DEBUG o.s.w.s.h.SimpleUrlHandlerMapping - Mapping [/js/bootstrap.min.js}] to HandlerExecutionChain with handler [ResourceHttpRequestHandler [locations=[ServletContext resource [/js/]], resolvers=[org.springframework.web.servlet.resource.PathResourceResolver@6a8f365b]]] and 1 interceptor
04/05/2018 14:17:11 [http-nio-8080-exec-4] DEBUG o.s.web.servlet.DispatcherServlet - Last-Modified value for [/SpringBlog/js/bootstrap.min.js%7D] is: -1
04/05/2018 14:17:11 [http-nio-8080-exec-4] DEBUG o.s.web.servlet.DispatcherServlet - Null ModelAndView returned to DispatcherServlet with name 'BestOfBlog': assuming HandlerAdapter completed request handling
04/05/2018 14:17:11 [http-nio-8080-exec-4] DEBUG o.s.web.servlet.DispatcherServlet - Successfully completed request
04/05/2018 14:17:11 [http-nio-8080-exec-1] DEBUG o.s.web.servlet.DispatcherServlet - DispatcherServlet with name 'BestOfBlog' processing GET request for [/SpringBlog/images/afficher.png]
04/05/2018 14:17:11 [http-nio-8080-exec-1] DEBUG o.s.w.s.m.m.a.RequestMappingHandlerMapping - Looking up handler method for path /images/afficher.png
04/05/2018 14:17:11 [http-nio-8080-exec-1] DEBUG o.s.w.s.m.m.a.RequestMappingHandlerMapping - Did not find handler method for [/images/afficher.png]
04/05/2018 14:17:11 [http-nio-8080-exec-1] DEBUG o.s.w.s.h.SimpleUrlHandlerMapping - Matching patterns for request [/images/afficher.png] are [/images/**]
04/05/2018 14:17:11 [http-nio-8080-exec-1] DEBUG o.s.w.s.h.SimpleUrlHandlerMapping - URI Template variables for request [/images/afficher.png] are {}
04/05/2018 14:17:11 [http-nio-8080-exec-1] DEBUG o.s.w.s.h.SimpleUrlHandlerMapping - Mapping [/images/afficher.png] to HandlerExecutionChain with handler [ResourceHttpRequestHandler [locations=[ServletContext resource [/images/]], resolvers=[org.springframework.web.servlet.resource.PathResourceResolver@17c56b49]]] and 1 interceptor
04/05/2018 14:17:11 [http-nio-8080-exec-1] DEBUG o.s.web.servlet.DispatcherServlet - Last-Modified value for [/SpringBlog/images/afficher.png] is: -1
04/05/2018 14:17:11 [http-nio-8080-exec-6] DEBUG o.s.web.servlet.DispatcherServlet - DispatcherServlet with name 'BestOfBlog' processing GET request for [/SpringBlog/images/delete.png]
04/05/2018 14:17:11 [http-nio-8080-exec-5] DEBUG o.s.web.servlet.DispatcherServlet - DispatcherServlet with name 'BestOfBlog' processing GET request for [/SpringBlog/images/edit.png]
04/05/2018 14:17:11 [http-nio-8080-exec-6] DEBUG o.s.w.s.m.m.a.RequestMappingHandlerMapping - Looking up handler method for path /images/delete.png
04/05/2018 14:17:11 [http-nio-8080-exec-5] DEBUG o.s.w.s.m.m.a.RequestMappingHandlerMapping - Looking up handler method for path /images/edit.png
04/05/2018 14:17:11 [http-nio-8080-exec-5] DEBUG o.s.w.s.m.m.a.RequestMappingHandlerMapping - Did not find handler method for [/images/edit.png]
04/05/2018 14:17:11 [http-nio-8080-exec-5] DEBUG o.s.w.s.h.SimpleUrlHandlerMapping - Matching patterns for request [/images/edit.png] are [/images/**]
04/05/2018 14:17:11 [http-nio-8080-exec-5] DEBUG o.s.w.s.h.SimpleUrlHandlerMapping - URI Template variables for request [/images/edit.png] are {}
04/05/2018 14:17:11 [http-nio-8080-exec-5] DEBUG o.s.w.s.h.SimpleUrlHandlerMapping - Mapping [/images/edit.png] to HandlerExecutionChain with handler [ResourceHttpRequestHandler [locations=[ServletContext resource [/images/]], resolvers=[org.springframework.web.servlet.resource.PathResourceResolver@17c56b49]]] and 1 interceptor
04/05/2018 14:17:11 [http-nio-8080-exec-5] DEBUG o.s.web.servlet.DispatcherServlet - Last-Modified value for [/SpringBlog/images/edit.png] is: -1
04/05/2018 14:17:11 [http-nio-8080-exec-6] DEBUG o.s.w.s.m.m.a.RequestMappingHandlerMapping - Did not find handler method for [/images/delete.png]
04/05/2018 14:17:11 [http-nio-8080-exec-6] DEBUG o.s.w.s.h.SimpleUrlHandlerMapping - Matching patterns for request [/images/delete.png] are [/images/**]
04/05/2018 14:17:11 [http-nio-8080-exec-6] DEBUG o.s.w.s.h.SimpleUrlHandlerMapping - URI Template variables for request [/images/delete.png] are {}
04/05/2018 14:17:11 [http-nio-8080-exec-6] DEBUG o.s.w.s.h.SimpleUrlHandlerMapping - Mapping [/images/delete.png] to HandlerExecutionChain with handler [ResourceHttpRequestHandler [locations=[ServletContext resource [/images/]], resolvers=[org.springframework.web.servlet.resource.PathResourceResolver@17c56b49]]] and 1 interceptor
04/05/2018 14:17:11 [http-nio-8080-exec-6] DEBUG o.s.web.servlet.DispatcherServlet - Last-Modified value for [/SpringBlog/images/delete.png] is: -1
04/05/2018 14:17:11 [http-nio-8080-exec-1] DEBUG o.s.web.servlet.DispatcherServlet - Null ModelAndView returned to DispatcherServlet with name 'BestOfBlog': assuming HandlerAdapter completed request handling
04/05/2018 14:17:11 [http-nio-8080-exec-1] DEBUG o.s.web.servlet.DispatcherServlet - Successfully completed request
04/05/2018 14:17:11 [http-nio-8080-exec-5] DEBUG o.s.web.servlet.DispatcherServlet - Null ModelAndView returned to DispatcherServlet with name 'BestOfBlog': assuming HandlerAdapter completed request handling
04/05/2018 14:17:11 [http-nio-8080-exec-5] DEBUG o.s.web.servlet.DispatcherServlet - Successfully completed request
04/05/2018 14:17:11 [http-nio-8080-exec-6] DEBUG o.s.web.servlet.DispatcherServlet - Null ModelAndView returned to DispatcherServlet with name 'BestOfBlog': assuming HandlerAdapter completed request handling
04/05/2018 14:17:11 [http-nio-8080-exec-6] DEBUG o.s.web.servlet.DispatcherServlet - Successfully completed request
04/05/2018 14:20:25 [http-nio-8080-exec-2] DEBUG o.s.web.servlet.DispatcherServlet - DispatcherServlet with name 'BestOfBlog' processing GET request for [/SpringBlog/formulaire.zzz]
04/05/2018 14:20:25 [http-nio-8080-exec-2] DEBUG o.s.w.s.m.m.a.RequestMappingHandlerMapping - Looking up handler method for path /formulaire.zzz
04/05/2018 14:20:25 [http-nio-8080-exec-2] DEBUG o.s.w.s.m.m.a.RequestMappingHandlerMapping - Returning handler method [org.springframework.web.servlet.ModelAndView fr.gtm.controller.IndexController.displayForm()]
04/05/2018 14:20:25 [http-nio-8080-exec-2] DEBUG o.s.web.servlet.DispatcherServlet - Last-Modified value for [/SpringBlog/formulaire.zzz] is: -1
04/05/2018 14:20:25 [http-nio-8080-exec-2] DEBUG o.s.web.servlet.DispatcherServlet - Rendering view [org.springframework.web.servlet.view.JstlView: name 'formulaire'; URL [/WEB-INF/views/formulaire.jsp]] in DispatcherServlet with name 'BestOfBlog'
04/05/2018 14:20:25 [http-nio-8080-exec-2] DEBUG o.s.web.servlet.view.JstlView - Forwarding to resource [/WEB-INF/views/formulaire.jsp] in InternalResourceView 'formulaire'
04/05/2018 14:20:25 [http-nio-8080-exec-2] DEBUG o.s.web.servlet.DispatcherServlet - Successfully completed request
04/05/2018 14:20:25 [http-nio-8080-exec-8] DEBUG o.s.web.servlet.DispatcherServlet - DispatcherServlet with name 'BestOfBlog' processing GET request for [/SpringBlog/js/bootstrap.min.js%7D]
04/05/2018 14:20:25 [http-nio-8080-exec-8] DEBUG o.s.w.s.m.m.a.RequestMappingHandlerMapping - Looking up handler method for path /js/bootstrap.min.js}
04/05/2018 14:20:25 [http-nio-8080-exec-8] DEBUG o.s.w.s.m.m.a.RequestMappingHandlerMapping - Did not find handler method for [/js/bootstrap.min.js}]
04/05/2018 14:20:25 [http-nio-8080-exec-8] DEBUG o.s.w.s.h.SimpleUrlHandlerMapping - Matching patterns for request [/js/bootstrap.min.js}] are [/js/**]
04/05/2018 14:20:25 [http-nio-8080-exec-8] DEBUG o.s.w.s.h.SimpleUrlHandlerMapping - URI Template variables for request [/js/bootstrap.min.js}] are {}
04/05/2018 14:20:25 [http-nio-8080-exec-8] DEBUG o.s.w.s.h.SimpleUrlHandlerMapping - Mapping [/js/bootstrap.min.js}] to HandlerExecutionChain with handler [ResourceHttpRequestHandler [locations=[ServletContext resource [/js/]], resolvers=[org.springframework.web.servlet.resource.PathResourceResolver@6a8f365b]]] and 1 interceptor
04/05/2018 14:20:25 [http-nio-8080-exec-8] DEBUG o.s.web.servlet.DispatcherServlet - Last-Modified value for [/SpringBlog/js/bootstrap.min.js%7D] is: -1
04/05/2018 14:20:25 [http-nio-8080-exec-8] DEBUG o.s.web.servlet.DispatcherServlet - Null ModelAndView returned to DispatcherServlet with name 'BestOfBlog': assuming HandlerAdapter completed request handling
04/05/2018 14:20:25 [http-nio-8080-exec-8] DEBUG o.s.web.servlet.DispatcherServlet - Successfully completed request
04/05/2018 14:20:33 [http-nio-8080-exec-10] DEBUG o.s.web.servlet.DispatcherServlet - DispatcherServlet with name 'BestOfBlog' processing POST request for [/SpringBlog/formulaire.zzz]
04/05/2018 14:20:33 [http-nio-8080-exec-10] DEBUG o.s.w.s.m.m.a.RequestMappingHandlerMapping - Looking up handler method for path /formulaire.zzz
04/05/2018 14:20:33 [http-nio-8080-exec-10] DEBUG o.s.w.s.m.m.a.RequestMappingHandlerMapping - Returning handler method [org.springframework.web.servlet.ModelAndView fr.gtm.controller.IndexController.validateForm(java.lang.String,java.lang.String)]
04/05/2018 14:20:33 [http-nio-8080-exec-10] DEBUG o.s.web.servlet.DispatcherServlet - Rendering view [org.springframework.web.servlet.view.JstlView: name 'welcome'; URL [/WEB-INF/views/welcome.jsp]] in DispatcherServlet with name 'BestOfBlog'
04/05/2018 14:20:33 [http-nio-8080-exec-10] DEBUG o.s.web.servlet.view.JstlView - Added model object 'articles' of type [java.util.ArrayList] to request in view with name 'welcome'
04/05/2018 14:20:33 [http-nio-8080-exec-10] DEBUG o.s.web.servlet.view.JstlView - Forwarding to resource [/WEB-INF/views/welcome.jsp] in InternalResourceView 'welcome'
04/05/2018 14:20:33 [http-nio-8080-exec-10] DEBUG o.s.web.servlet.DispatcherServlet - Successfully completed request
04/05/2018 14:20:33 [http-nio-8080-exec-4] DEBUG o.s.web.servlet.DispatcherServlet - DispatcherServlet with name 'BestOfBlog' processing GET request for [/SpringBlog/js/bootstrap.min.js%7D]
04/05/2018 14:20:33 [http-nio-8080-exec-4] DEBUG o.s.w.s.m.m.a.RequestMappingHandlerMapping - Looking up handler method for path /js/bootstrap.min.js}
04/05/2018 14:20:33 [http-nio-8080-exec-4] DEBUG o.s.w.s.m.m.a.RequestMappingHandlerMapping - Did not find handler method for [/js/bootstrap.min.js}]
04/05/2018 14:20:33 [http-nio-8080-exec-4] DEBUG o.s.w.s.h.SimpleUrlHandlerMapping - Matching patterns for request [/js/bootstrap.min.js}] are [/js/**]
04/05/2018 14:20:33 [http-nio-8080-exec-4] DEBUG o.s.w.s.h.SimpleUrlHandlerMapping - URI Template variables for request [/js/bootstrap.min.js}] are {}
04/05/2018 14:20:33 [http-nio-8080-exec-4] DEBUG o.s.w.s.h.SimpleUrlHandlerMapping - Mapping [/js/bootstrap.min.js}] to HandlerExecutionChain with handler [ResourceHttpRequestHandler [locations=[ServletContext resource [/js/]], resolvers=[org.springframework.web.servlet.resource.PathResourceResolver@6a8f365b]]] and 1 interceptor
04/05/2018 14:20:33 [http-nio-8080-exec-4] DEBUG o.s.web.servlet.DispatcherServlet - Last-Modified value for [/SpringBlog/js/bootstrap.min.js%7D] is: -1
04/05/2018 14:20:33 [http-nio-8080-exec-4] DEBUG o.s.web.servlet.DispatcherServlet - Null ModelAndView returned to DispatcherServlet with name 'BestOfBlog': assuming HandlerAdapter completed request handling
04/05/2018 14:20:33 [http-nio-8080-exec-4] DEBUG o.s.web.servlet.DispatcherServlet - Successfully completed request
04/05/2018 14:22:52 [http-nio-8080-exec-5] DEBUG o.s.web.servlet.DispatcherServlet - Initializing servlet 'BestOfBlog'
04/05/2018 14:22:52 [http-nio-8080-exec-5] INFO  o.s.web.servlet.DispatcherServlet - FrameworkServlet 'BestOfBlog': initialization started
04/05/2018 14:22:52 [http-nio-8080-exec-5] DEBUG o.s.web.servlet.DispatcherServlet - Servlet with name 'BestOfBlog' will try to create custom WebApplicationContext context of class 'org.springframework.web.context.support.XmlWebApplicationContext', using parent context [null]
04/05/2018 14:22:56 [http-nio-8080-exec-5] DEBUG o.s.w.s.m.m.a.RequestMappingHandlerMapping - Looking for request mappings in application context: WebApplicationContext for namespace 'BestOfBlog-servlet': startup date [Fri May 04 14:22:52 CEST 2018]; root of context hierarchy
04/05/2018 14:22:56 [http-nio-8080-exec-5] DEBUG o.s.w.s.m.m.a.RequestMappingHandlerMapping - 8 request handler methods found on class fr.gtm.controller.IndexController: {org.springframework.web.servlet.ModelAndView fr.gtm.controller.IndexController.delete(java.lang.Integer)={[/delete/{articleId}],methods=[GET]}, org.springframework.web.servlet.ModelAndView fr.gtm.controller.IndexController.displayForm()={[/formulaire]}, org.springframework.web.servlet.ModelAndView fr.gtm.controller.IndexController.displayIndex()={[/welcome],methods=[GET]}, org.springframework.web.servlet.ModelAndView fr.gtm.controller.IndexController.validateForm(java.lang.String,java.lang.String)={[/formulaire],methods=[POST]}, org.springframework.web.servlet.ModelAndView fr.gtm.controller.IndexController.displayEdit(java.lang.Integer)={[/displayEdit/{articleId}],methods=[GET]}, org.springframework.web.servlet.ModelAndView fr.gtm.controller.IndexController.validateEdit(fr.gtm.domaine.Article)={[/modify],methods=[POST]}, java.lang.String fr.gtm.controller.IndexController.displaySearch()={[/search],methods=[GET]}, org.springframework.web.servlet.ModelAndView fr.gtm.controller.IndexController.validateSearch(java.lang.String)={[/search],methods=[POST]}}
04/05/2018 14:22:56 [http-nio-8080-exec-5] INFO  o.s.w.s.m.m.a.RequestMappingHandlerMapping - Mapped "{[/delete/{articleId}],methods=[GET]}" onto org.springframework.web.servlet.ModelAndView fr.gtm.controller.IndexController.delete(java.lang.Integer)
04/05/2018 14:22:56 [http-nio-8080-exec-5] INFO  o.s.w.s.m.m.a.RequestMappingHandlerMapping - Mapped "{[/formulaire]}" onto org.springframework.web.servlet.ModelAndView fr.gtm.controller.IndexController.displayForm()
04/05/2018 14:22:56 [http-nio-8080-exec-5] INFO  o.s.w.s.m.m.a.RequestMappingHandlerMapping - Mapped "{[/welcome],methods=[GET]}" onto org.springframework.web.servlet.ModelAndView fr.gtm.controller.IndexController.displayIndex()
04/05/2018 14:22:56 [http-nio-8080-exec-5] INFO  o.s.w.s.m.m.a.RequestMappingHandlerMapping - Mapped "{[/formulaire],methods=[POST]}" onto org.springframework.web.servlet.ModelAndView fr.gtm.controller.IndexController.validateForm(java.lang.String,java.lang.String)
04/05/2018 14:22:56 [http-nio-8080-exec-5] INFO  o.s.w.s.m.m.a.RequestMappingHandlerMapping - Mapped "{[/displayEdit/{articleId}],methods=[GET]}" onto org.springframework.web.servlet.ModelAndView fr.gtm.controller.IndexController.displayEdit(java.lang.Integer)
04/05/2018 14:22:56 [http-nio-8080-exec-5] INFO  o.s.w.s.m.m.a.RequestMappingHandlerMapping - Mapped "{[/modify],methods=[POST]}" onto org.springframework.web.servlet.ModelAndView fr.gtm.controller.IndexController.validateEdit(fr.gtm.domaine.Article)
04/05/2018 14:22:56 [http-nio-8080-exec-5] INFO  o.s.w.s.m.m.a.RequestMappingHandlerMapping - Mapped "{[/search],methods=[GET]}" onto java.lang.String fr.gtm.controller.IndexController.displaySearch()
04/05/2018 14:22:56 [http-nio-8080-exec-5] INFO  o.s.w.s.m.m.a.RequestMappingHandlerMapping - Mapped "{[/search],methods=[POST]}" onto org.springframework.web.servlet.ModelAndView fr.gtm.controller.IndexController.validateSearch(java.lang.String)
04/05/2018 14:22:57 [http-nio-8080-exec-5] INFO  o.s.w.s.m.m.a.RequestMappingHandlerAdapter - Looking for @ControllerAdvice: WebApplicationContext for namespace 'BestOfBlog-servlet': startup date [Fri May 04 14:22:52 CEST 2018]; root of context hierarchy
04/05/2018 14:22:57 [http-nio-8080-exec-5] INFO  o.s.w.s.m.m.a.RequestMappingHandlerAdapter - Looking for @ControllerAdvice: WebApplicationContext for namespace 'BestOfBlog-servlet': startup date [Fri May 04 14:22:52 CEST 2018]; root of context hierarchy
04/05/2018 14:22:57 [http-nio-8080-exec-5] DEBUG o.s.w.s.m.m.a.ExceptionHandlerExceptionResolver - Looking for exception mappings: WebApplicationContext for namespace 'BestOfBlog-servlet': startup date [Fri May 04 14:22:52 CEST 2018]; root of context hierarchy
04/05/2018 14:22:57 [http-nio-8080-exec-5] DEBUG o.s.w.s.h.BeanNameUrlHandlerMapping - Looking for URL mappings in application context: WebApplicationContext for namespace 'BestOfBlog-servlet': startup date [Fri May 04 14:22:52 CEST 2018]; root of context hierarchy
04/05/2018 14:22:57 [http-nio-8080-exec-5] DEBUG o.s.w.s.h.BeanNameUrlHandlerMapping - Rejected bean name 'indexController': no URL paths identified
04/05/2018 14:22:57 [http-nio-8080-exec-5] DEBUG o.s.w.s.h.BeanNameUrlHandlerMapping - Rejected bean name 'org.springframework.context.annotation.internalConfigurationAnnotationProcessor': no URL paths identified
04/05/2018 14:22:57 [http-nio-8080-exec-5] DEBUG o.s.w.s.h.BeanNameUrlHandlerMapping - Rejected bean name 'org.springframework.context.annotation.internalAutowiredAnnotationProcessor': no URL paths identified
04/05/2018 14:22:57 [http-nio-8080-exec-5] DEBUG o.s.w.s.h.BeanNameUrlHandlerMapping - Rejected bean name 'org.springframework.context.annotation.internalRequiredAnnotationProcessor': no URL paths identified
04/05/2018 14:22:57 [http-nio-8080-exec-5] DEBUG o.s.w.s.h.BeanNameUrlHandlerMapping - Rejected bean name 'org.springframework.context.annotation.internalCommonAnnotationProcessor': no URL paths identified
04/05/2018 14:22:57 [http-nio-8080-exec-5] DEBUG o.s.w.s.h.BeanNameUrlHandlerMapping - Rejected bean name 'org.springframework.context.annotation.internalPersistenceAnnotationProcessor': no URL paths identified
04/05/2018 14:22:57 [http-nio-8080-exec-5] DEBUG o.s.w.s.h.BeanNameUrlHandlerMapping - Rejected bean name 'org.springframework.context.event.internalEventListenerProcessor': no URL paths identified
04/05/2018 14:22:57 [http-nio-8080-exec-5] DEBUG o.s.w.s.h.BeanNameUrlHandlerMapping - Rejected bean name 'org.springframework.context.event.internalEventListenerFactory': no URL paths identified
04/05/2018 14:22:57 [http-nio-8080-exec-5] DEBUG o.s.w.s.h.BeanNameUrlHandlerMapping - Rejected bean name 'mvcContentNegotiationManager': no URL paths identified
04/05/2018 14:22:57 [http-nio-8080-exec-5] DEBUG o.s.w.s.h.BeanNameUrlHandlerMapping - Rejected bean name 'org.springframework.web.servlet.mvc.method.annotation.RequestMappingHandlerMapping': no URL paths identified
04/05/2018 14:22:57 [http-nio-8080-exec-5] DEBUG o.s.w.s.h.BeanNameUrlHandlerMapping - Rejected bean name 'mvcCorsConfigurations': no URL paths identified
04/05/2018 14:22:57 [http-nio-8080-exec-5] DEBUG o.s.w.s.h.BeanNameUrlHandlerMapping - Rejected bean name 'org.springframework.format.support.FormattingConversionServiceFactoryBean#0': no URL paths identified
04/05/2018 14:22:57 [http-nio-8080-exec-5] DEBUG o.s.w.s.h.BeanNameUrlHandlerMapping - Rejected bean name 'org.springframework.web.servlet.mvc.method.annotation.RequestMappingHandlerAdapter': no URL paths identified
04/05/2018 14:22:57 [http-nio-8080-exec-5] DEBUG o.s.w.s.h.BeanNameUrlHandlerMapping - Rejected bean name 'mvcUriComponentsContributor': no URL paths identified
04/05/2018 14:22:57 [http-nio-8080-exec-5] DEBUG o.s.w.s.h.BeanNameUrlHandlerMapping - Rejected bean name 'org.springframework.web.servlet.handler.MappedInterceptor#0': no URL paths identified
04/05/2018 14:22:57 [http-nio-8080-exec-5] DEBUG o.s.w.s.h.BeanNameUrlHandlerMapping - Rejected bean name 'org.springframework.web.servlet.mvc.method.annotation.ExceptionHandlerExceptionResolver#0': no URL paths identified
04/05/2018 14:22:57 [http-nio-8080-exec-5] DEBUG o.s.w.s.h.BeanNameUrlHandlerMapping - Rejected bean name 'org.springframework.web.servlet.mvc.annotation.ResponseStatusExceptionResolver#0': no URL paths identified
04/05/2018 14:22:57 [http-nio-8080-exec-5] DEBUG o.s.w.s.h.BeanNameUrlHandlerMapping - Rejected bean name 'org.springframework.web.servlet.mvc.support.DefaultHandlerExceptionResolver#0': no URL paths identified
04/05/2018 14:22:57 [http-nio-8080-exec-5] DEBUG o.s.w.s.h.BeanNameUrlHandlerMapping - Rejected bean name 'org.springframework.web.servlet.handler.BeanNameUrlHandlerMapping': no URL paths identified
04/05/2018 14:22:57 [http-nio-8080-exec-5] DEBUG o.s.w.s.h.BeanNameUrlHandlerMapping - Rejected bean name 'org.springframework.web.servlet.mvc.HttpRequestHandlerAdapter': no URL paths identified
04/05/2018 14:22:57 [http-nio-8080-exec-5] DEBUG o.s.w.s.h.BeanNameUrlHandlerMapping - Rejected bean name 'org.springframework.web.servlet.mvc.SimpleControllerHandlerAdapter': no URL paths identified
04/05/2018 14:22:57 [http-nio-8080-exec-5] DEBUG o.s.w.s.h.BeanNameUrlHandlerMapping - Rejected bean name 'mvcHandlerMappingIntrospector': no URL paths identified
04/05/2018 14:22:57 [http-nio-8080-exec-5] DEBUG o.s.w.s.h.BeanNameUrlHandlerMapping - Rejected bean name 'mvcResourceUrlProvider': no URL paths identified
04/05/2018 14:22:57 [http-nio-8080-exec-5] DEBUG o.s.w.s.h.BeanNameUrlHandlerMapping - Rejected bean name 'org.springframework.web.servlet.handler.MappedInterceptor#1': no URL paths identified
04/05/2018 14:22:57 [http-nio-8080-exec-5] DEBUG o.s.w.s.h.BeanNameUrlHandlerMapping - Rejected bean name 'mvcPathMatcher': no URL paths identified
04/05/2018 14:22:57 [http-nio-8080-exec-5] DEBUG o.s.w.s.h.BeanNameUrlHandlerMapping - Rejected bean name 'mvcUrlPathHelper': no URL paths identified
04/05/2018 14:22:57 [http-nio-8080-exec-5] DEBUG o.s.w.s.h.BeanNameUrlHandlerMapping - Rejected bean name 'org.springframework.web.servlet.resource.ResourceHttpRequestHandler#0': no URL paths identified
04/05/2018 14:22:57 [http-nio-8080-exec-5] DEBUG o.s.w.s.h.BeanNameUrlHandlerMapping - Rejected bean name 'org.springframework.web.servlet.handler.SimpleUrlHandlerMapping#0': no URL paths identified
04/05/2018 14:22:57 [http-nio-8080-exec-5] DEBUG o.s.w.s.h.BeanNameUrlHandlerMapping - Rejected bean name 'org.springframework.web.servlet.resource.ResourceHttpRequestHandler#1': no URL paths identified
04/05/2018 14:22:57 [http-nio-8080-exec-5] DEBUG o.s.w.s.h.BeanNameUrlHandlerMapping - Rejected bean name 'org.springframework.web.servlet.handler.SimpleUrlHandlerMapping#1': no URL paths identified
04/05/2018 14:22:57 [http-nio-8080-exec-5] DEBUG o.s.w.s.h.BeanNameUrlHandlerMapping - Rejected bean name 'org.springframework.web.servlet.resource.ResourceHttpRequestHandler#2': no URL paths identified
04/05/2018 14:22:57 [http-nio-8080-exec-5] DEBUG o.s.w.s.h.BeanNameUrlHandlerMapping - Rejected bean name 'org.springframework.web.servlet.handler.SimpleUrlHandlerMapping#2': no URL paths identified
04/05/2018 14:22:57 [http-nio-8080-exec-5] DEBUG o.s.w.s.h.BeanNameUrlHandlerMapping - Rejected bean name 'article': no URL paths identified
04/05/2018 14:22:57 [http-nio-8080-exec-5] DEBUG o.s.w.s.h.BeanNameUrlHandlerMapping - Rejected bean name 'viewResolver': no URL paths identified
04/05/2018 14:22:57 [http-nio-8080-exec-5] DEBUG o.s.w.s.h.BeanNameUrlHandlerMapping - Rejected bean name 'entityManagerFactory': no URL paths identified
04/05/2018 14:22:57 [http-nio-8080-exec-5] DEBUG o.s.w.s.h.BeanNameUrlHandlerMapping - Rejected bean name 'transactionManager': no URL paths identified
04/05/2018 14:22:57 [http-nio-8080-exec-5] DEBUG o.s.w.s.h.BeanNameUrlHandlerMapping - Rejected bean name 'org.springframework.data.jpa.repository.config.JpaRepositoryConfigExtension#0': no URL paths identified
04/05/2018 14:22:57 [http-nio-8080-exec-5] DEBUG o.s.w.s.h.BeanNameUrlHandlerMapping - Rejected bean name 'emBeanDefinitionRegistrarPostProcessor': no URL paths identified
04/05/2018 14:22:57 [http-nio-8080-exec-5] DEBUG o.s.w.s.h.BeanNameUrlHandlerMapping - Rejected bean name 'jpaMappingContext': no URL paths identified
04/05/2018 14:22:57 [http-nio-8080-exec-5] DEBUG o.s.w.s.h.BeanNameUrlHandlerMapping - Rejected bean name 'jpaContext': no URL paths identified
04/05/2018 14:22:57 [http-nio-8080-exec-5] DEBUG o.s.w.s.h.BeanNameUrlHandlerMapping - Rejected bean name 'articleRepository': no URL paths identified
04/05/2018 14:22:57 [http-nio-8080-exec-5] DEBUG o.s.w.s.h.BeanNameUrlHandlerMapping - Rejected bean name 'org.springframework.orm.jpa.SharedEntityManagerCreator#0': no URL paths identified
04/05/2018 14:22:57 [http-nio-8080-exec-5] DEBUG o.s.w.s.h.BeanNameUrlHandlerMapping - Rejected bean name 'environment': no URL paths identified
04/05/2018 14:22:57 [http-nio-8080-exec-5] DEBUG o.s.w.s.h.BeanNameUrlHandlerMapping - Rejected bean name 'systemProperties': no URL paths identified
04/05/2018 14:22:57 [http-nio-8080-exec-5] DEBUG o.s.w.s.h.BeanNameUrlHandlerMapping - Rejected bean name 'systemEnvironment': no URL paths identified
04/05/2018 14:22:57 [http-nio-8080-exec-5] DEBUG o.s.w.s.h.BeanNameUrlHandlerMapping - Rejected bean name 'servletContext': no URL paths identified
04/05/2018 14:22:57 [http-nio-8080-exec-5] DEBUG o.s.w.s.h.BeanNameUrlHandlerMapping - Rejected bean name 'servletConfig': no URL paths identified
04/05/2018 14:22:57 [http-nio-8080-exec-5] DEBUG o.s.w.s.h.BeanNameUrlHandlerMapping - Rejected bean name 'contextParameters': no URL paths identified
04/05/2018 14:22:57 [http-nio-8080-exec-5] DEBUG o.s.w.s.h.BeanNameUrlHandlerMapping - Rejected bean name 'contextAttributes': no URL paths identified
04/05/2018 14:22:57 [http-nio-8080-exec-5] DEBUG o.s.w.s.h.BeanNameUrlHandlerMapping - Rejected bean name 'org.springframework.context.annotation.ConfigurationClassPostProcessor.importRegistry': no URL paths identified
04/05/2018 14:22:57 [http-nio-8080-exec-5] DEBUG o.s.w.s.h.BeanNameUrlHandlerMapping - Rejected bean name 'messageSource': no URL paths identified
04/05/2018 14:22:57 [http-nio-8080-exec-5] DEBUG o.s.w.s.h.BeanNameUrlHandlerMapping - Rejected bean name 'applicationEventMulticaster': no URL paths identified
04/05/2018 14:22:57 [http-nio-8080-exec-5] INFO  o.s.w.s.h.SimpleUrlHandlerMapping - Mapped URL path [/js/**] onto handler 'org.springframework.web.servlet.resource.ResourceHttpRequestHandler#0'
04/05/2018 14:22:57 [http-nio-8080-exec-5] INFO  o.s.w.s.h.SimpleUrlHandlerMapping - Mapped URL path [/css/**] onto handler 'org.springframework.web.servlet.resource.ResourceHttpRequestHandler#1'
04/05/2018 14:22:57 [http-nio-8080-exec-5] INFO  o.s.w.s.h.SimpleUrlHandlerMapping - Mapped URL path [/images/**] onto handler 'org.springframework.web.servlet.resource.ResourceHttpRequestHandler#2'
04/05/2018 14:22:57 [http-nio-8080-exec-5] DEBUG o.s.web.servlet.DispatcherServlet - Unable to locate MultipartResolver with name 'multipartResolver': no multipart request handling provided
04/05/2018 14:22:57 [http-nio-8080-exec-5] DEBUG o.s.web.servlet.DispatcherServlet - Unable to locate LocaleResolver with name 'localeResolver': using default [org.springframework.web.servlet.i18n.AcceptHeaderLocaleResolver@241f30e2]
04/05/2018 14:22:57 [http-nio-8080-exec-5] DEBUG o.s.web.servlet.DispatcherServlet - Unable to locate ThemeResolver with name 'themeResolver': using default [org.springframework.web.servlet.theme.FixedThemeResolver@71af8811]
04/05/2018 14:22:57 [http-nio-8080-exec-5] DEBUG o.s.web.servlet.DispatcherServlet - Unable to locate RequestToViewNameTranslator with name 'viewNameTranslator': using default [org.springframework.web.servlet.view.DefaultRequestToViewNameTranslator@38d647c2]
04/05/2018 14:22:57 [http-nio-8080-exec-5] DEBUG o.s.web.servlet.DispatcherServlet - Unable to locate FlashMapManager with name 'flashMapManager': using default [org.springframework.web.servlet.support.SessionFlashMapManager@73cd0ffb]
04/05/2018 14:22:57 [http-nio-8080-exec-5] DEBUG o.s.w.s.resource.ResourceUrlProvider - Looking for resource handler mappings
04/05/2018 14:22:57 [http-nio-8080-exec-5] DEBUG o.s.w.s.resource.ResourceUrlProvider - Found resource handler mapping: URL pattern="/js/**", locations=[ServletContext resource [/js/]], resolvers=[org.springframework.web.servlet.resource.PathResourceResolver@9b5d75f]
04/05/2018 14:22:57 [http-nio-8080-exec-5] DEBUG o.s.w.s.resource.ResourceUrlProvider - Found resource handler mapping: URL pattern="/css/**", locations=[ServletContext resource [/css/]], resolvers=[org.springframework.web.servlet.resource.PathResourceResolver@6005ed5c]
04/05/2018 14:22:57 [http-nio-8080-exec-5] DEBUG o.s.w.s.resource.ResourceUrlProvider - Found resource handler mapping: URL pattern="/images/**", locations=[ServletContext resource [/images/]], resolvers=[org.springframework.web.servlet.resource.PathResourceResolver@6eaac0be]
04/05/2018 14:22:57 [http-nio-8080-exec-5] DEBUG o.s.w.s.resource.ResourceUrlProvider - Looking for resource handler mappings
04/05/2018 14:22:57 [http-nio-8080-exec-5] DEBUG o.s.w.s.resource.ResourceUrlProvider - Found resource handler mapping: URL pattern="/js/**", locations=[ServletContext resource [/js/]], resolvers=[org.springframework.web.servlet.resource.PathResourceResolver@9b5d75f]
04/05/2018 14:22:57 [http-nio-8080-exec-5] DEBUG o.s.w.s.resource.ResourceUrlProvider - Found resource handler mapping: URL pattern="/css/**", locations=[ServletContext resource [/css/]], resolvers=[org.springframework.web.servlet.resource.PathResourceResolver@6005ed5c]
04/05/2018 14:22:57 [http-nio-8080-exec-5] DEBUG o.s.w.s.resource.ResourceUrlProvider - Found resource handler mapping: URL pattern="/images/**", locations=[ServletContext resource [/images/]], resolvers=[org.springframework.web.servlet.resource.PathResourceResolver@6eaac0be]
04/05/2018 14:22:57 [http-nio-8080-exec-5] DEBUG o.s.web.servlet.DispatcherServlet - Published WebApplicationContext of servlet 'BestOfBlog' as ServletContext attribute with name [org.springframework.web.servlet.FrameworkServlet.CONTEXT.BestOfBlog]
04/05/2018 14:22:57 [http-nio-8080-exec-5] INFO  o.s.web.servlet.DispatcherServlet - FrameworkServlet 'BestOfBlog': initialization completed in 4953 ms
04/05/2018 14:22:57 [http-nio-8080-exec-5] DEBUG o.s.web.servlet.DispatcherServlet - Servlet 'BestOfBlog' configured successfully
04/05/2018 14:22:57 [http-nio-8080-exec-5] DEBUG o.s.web.servlet.DispatcherServlet - DispatcherServlet with name 'BestOfBlog' processing GET request for [/SpringBlog/welcome.html]
04/05/2018 14:22:57 [http-nio-8080-exec-5] DEBUG o.s.w.s.m.m.a.RequestMappingHandlerMapping - Looking up handler method for path /welcome.html
04/05/2018 14:22:57 [http-nio-8080-exec-5] DEBUG o.s.w.s.m.m.a.RequestMappingHandlerMapping - Returning handler method [org.springframework.web.servlet.ModelAndView fr.gtm.controller.IndexController.displayIndex()]
04/05/2018 14:22:57 [http-nio-8080-exec-5] DEBUG o.s.web.servlet.DispatcherServlet - Last-Modified value for [/SpringBlog/welcome.html] is: -1
04/05/2018 14:22:57 [http-nio-8080-exec-5] DEBUG o.s.web.servlet.DispatcherServlet - Rendering view [org.springframework.web.servlet.view.JstlView: name 'welcome'; URL [/WEB-INF/views/welcome.jsp]] in DispatcherServlet with name 'BestOfBlog'
04/05/2018 14:22:57 [http-nio-8080-exec-5] DEBUG o.s.web.servlet.view.JstlView - Added model object 'articles' of type [java.util.ArrayList] to request in view with name 'welcome'
04/05/2018 14:22:57 [http-nio-8080-exec-5] DEBUG o.s.web.servlet.view.JstlView - Forwarding to resource [/WEB-INF/views/welcome.jsp] in InternalResourceView 'welcome'
04/05/2018 14:22:58 [http-nio-8080-exec-5] DEBUG o.s.web.servlet.DispatcherServlet - Successfully completed request
04/05/2018 14:22:58 [http-nio-8080-exec-6] DEBUG o.s.web.servlet.DispatcherServlet - DispatcherServlet with name 'BestOfBlog' processing GET request for [/SpringBlog/js/bootstrap.min.js%7D]
04/05/2018 14:22:58 [http-nio-8080-exec-6] DEBUG o.s.w.s.m.m.a.RequestMappingHandlerMapping - Looking up handler method for path /js/bootstrap.min.js}
04/05/2018 14:22:58 [http-nio-8080-exec-6] DEBUG o.s.w.s.m.m.a.RequestMappingHandlerMapping - Did not find handler method for [/js/bootstrap.min.js}]
04/05/2018 14:22:58 [http-nio-8080-exec-6] DEBUG o.s.w.s.h.SimpleUrlHandlerMapping - Matching patterns for request [/js/bootstrap.min.js}] are [/js/**]
04/05/2018 14:22:58 [http-nio-8080-exec-6] DEBUG o.s.w.s.h.SimpleUrlHandlerMapping - URI Template variables for request [/js/bootstrap.min.js}] are {}
04/05/2018 14:22:58 [http-nio-8080-exec-6] DEBUG o.s.w.s.h.SimpleUrlHandlerMapping - Mapping [/js/bootstrap.min.js}] to HandlerExecutionChain with handler [ResourceHttpRequestHandler [locations=[ServletContext resource [/js/]], resolvers=[org.springframework.web.servlet.resource.PathResourceResolver@9b5d75f]]] and 1 interceptor
04/05/2018 14:22:58 [http-nio-8080-exec-6] DEBUG o.s.web.servlet.DispatcherServlet - Last-Modified value for [/SpringBlog/js/bootstrap.min.js%7D] is: -1
04/05/2018 14:22:58 [http-nio-8080-exec-6] DEBUG o.s.web.servlet.DispatcherServlet - Null ModelAndView returned to DispatcherServlet with name 'BestOfBlog': assuming HandlerAdapter completed request handling
04/05/2018 14:22:58 [http-nio-8080-exec-6] DEBUG o.s.web.servlet.DispatcherServlet - Successfully completed request
04/05/2018 14:22:59 [http-nio-8080-exec-8] DEBUG o.s.web.servlet.DispatcherServlet - DispatcherServlet with name 'BestOfBlog' processing GET request for [/SpringBlog/formulaire.zzz]
04/05/2018 14:22:59 [http-nio-8080-exec-8] DEBUG o.s.w.s.m.m.a.RequestMappingHandlerMapping - Looking up handler method for path /formulaire.zzz
04/05/2018 14:22:59 [http-nio-8080-exec-8] DEBUG o.s.w.s.m.m.a.RequestMappingHandlerMapping - Returning handler method [org.springframework.web.servlet.ModelAndView fr.gtm.controller.IndexController.displayForm()]
04/05/2018 14:22:59 [http-nio-8080-exec-8] DEBUG o.s.web.servlet.DispatcherServlet - Last-Modified value for [/SpringBlog/formulaire.zzz] is: -1
04/05/2018 14:22:59 [http-nio-8080-exec-8] DEBUG o.s.web.servlet.DispatcherServlet - Rendering view [org.springframework.web.servlet.view.JstlView: name 'formulaire'; URL [/WEB-INF/views/formulaire.jsp]] in DispatcherServlet with name 'BestOfBlog'
04/05/2018 14:22:59 [http-nio-8080-exec-8] DEBUG o.s.web.servlet.view.JstlView - Forwarding to resource [/WEB-INF/views/formulaire.jsp] in InternalResourceView 'formulaire'
04/05/2018 14:22:59 [http-nio-8080-exec-8] DEBUG o.s.web.servlet.DispatcherServlet - Successfully completed request
04/05/2018 14:22:59 [http-nio-8080-exec-7] DEBUG o.s.web.servlet.DispatcherServlet - DispatcherServlet with name 'BestOfBlog' processing GET request for [/SpringBlog/js/bootstrap.min.js%7D]
04/05/2018 14:22:59 [http-nio-8080-exec-7] DEBUG o.s.w.s.m.m.a.RequestMappingHandlerMapping - Looking up handler method for path /js/bootstrap.min.js}
04/05/2018 14:22:59 [http-nio-8080-exec-7] DEBUG o.s.w.s.m.m.a.RequestMappingHandlerMapping - Did not find handler method for [/js/bootstrap.min.js}]
04/05/2018 14:22:59 [http-nio-8080-exec-7] DEBUG o.s.w.s.h.SimpleUrlHandlerMapping - Matching patterns for request [/js/bootstrap.min.js}] are [/js/**]
04/05/2018 14:22:59 [http-nio-8080-exec-7] DEBUG o.s.w.s.h.SimpleUrlHandlerMapping - URI Template variables for request [/js/bootstrap.min.js}] are {}
04/05/2018 14:22:59 [http-nio-8080-exec-7] DEBUG o.s.w.s.h.SimpleUrlHandlerMapping - Mapping [/js/bootstrap.min.js}] to HandlerExecutionChain with handler [ResourceHttpRequestHandler [locations=[ServletContext resource [/js/]], resolvers=[org.springframework.web.servlet.resource.PathResourceResolver@9b5d75f]]] and 1 interceptor
04/05/2018 14:22:59 [http-nio-8080-exec-7] DEBUG o.s.web.servlet.DispatcherServlet - Last-Modified value for [/SpringBlog/js/bootstrap.min.js%7D] is: -1
04/05/2018 14:22:59 [http-nio-8080-exec-7] DEBUG o.s.web.servlet.DispatcherServlet - Null ModelAndView returned to DispatcherServlet with name 'BestOfBlog': assuming HandlerAdapter completed request handling
04/05/2018 14:22:59 [http-nio-8080-exec-7] DEBUG o.s.web.servlet.DispatcherServlet - Successfully completed request
04/05/2018 14:23:03 [http-nio-8080-exec-10] DEBUG o.s.web.servlet.DispatcherServlet - DispatcherServlet with name 'BestOfBlog' processing POST request for [/SpringBlog/formulaire.zzz]
04/05/2018 14:23:03 [http-nio-8080-exec-10] DEBUG o.s.w.s.m.m.a.RequestMappingHandlerMapping - Looking up handler method for path /formulaire.zzz
04/05/2018 14:23:03 [http-nio-8080-exec-10] DEBUG o.s.w.s.m.m.a.RequestMappingHandlerMapping - Returning handler method [org.springframework.web.servlet.ModelAndView fr.gtm.controller.IndexController.validateForm(java.lang.String,java.lang.String)]
04/05/2018 14:23:03 [http-nio-8080-exec-10] DEBUG o.s.web.servlet.DispatcherServlet - Rendering view [org.springframework.web.servlet.view.JstlView: name 'welcome'; URL [/WEB-INF/views/welcome.jsp]] in DispatcherServlet with name 'BestOfBlog'
04/05/2018 14:23:03 [http-nio-8080-exec-10] DEBUG o.s.web.servlet.view.JstlView - Added model object 'articles' of type [java.util.ArrayList] to request in view with name 'welcome'
04/05/2018 14:23:03 [http-nio-8080-exec-10] DEBUG o.s.web.servlet.view.JstlView - Forwarding to resource [/WEB-INF/views/welcome.jsp] in InternalResourceView 'welcome'
04/05/2018 14:23:03 [http-nio-8080-exec-10] DEBUG o.s.web.servlet.DispatcherServlet - Successfully completed request
04/05/2018 14:23:03 [http-nio-8080-exec-5] DEBUG o.s.web.servlet.DispatcherServlet - DispatcherServlet with name 'BestOfBlog' processing GET request for [/SpringBlog/js/bootstrap.min.js%7D]
04/05/2018 14:23:03 [http-nio-8080-exec-5] DEBUG o.s.w.s.m.m.a.RequestMappingHandlerMapping - Looking up handler method for path /js/bootstrap.min.js}
04/05/2018 14:23:03 [http-nio-8080-exec-5] DEBUG o.s.w.s.m.m.a.RequestMappingHandlerMapping - Did not find handler method for [/js/bootstrap.min.js}]
04/05/2018 14:23:03 [http-nio-8080-exec-5] DEBUG o.s.w.s.h.SimpleUrlHandlerMapping - Matching patterns for request [/js/bootstrap.min.js}] are [/js/**]
04/05/2018 14:23:03 [http-nio-8080-exec-5] DEBUG o.s.w.s.h.SimpleUrlHandlerMapping - URI Template variables for request [/js/bootstrap.min.js}] are {}
04/05/2018 14:23:03 [http-nio-8080-exec-5] DEBUG o.s.w.s.h.SimpleUrlHandlerMapping - Mapping [/js/bootstrap.min.js}] to HandlerExecutionChain with handler [ResourceHttpRequestHandler [locations=[ServletContext resource [/js/]], resolvers=[org.springframework.web.servlet.resource.PathResourceResolver@9b5d75f]]] and 1 interceptor
04/05/2018 14:23:03 [http-nio-8080-exec-5] DEBUG o.s.web.servlet.DispatcherServlet - Last-Modified value for [/SpringBlog/js/bootstrap.min.js%7D] is: -1
04/05/2018 14:23:03 [http-nio-8080-exec-5] DEBUG o.s.web.servlet.DispatcherServlet - Null ModelAndView returned to DispatcherServlet with name 'BestOfBlog': assuming HandlerAdapter completed request handling
04/05/2018 14:23:03 [http-nio-8080-exec-5] DEBUG o.s.web.servlet.DispatcherServlet - Successfully completed request
04/05/2018 14:36:19 [http-nio-8080-exec-7] DEBUG o.s.web.servlet.DispatcherServlet - DispatcherServlet with name 'BestOfBlog' processing GET request for [/SpringBlog/formulaire.zzz]
04/05/2018 14:36:19 [http-nio-8080-exec-7] DEBUG o.s.w.s.m.m.a.RequestMappingHandlerMapping - Looking up handler method for path /formulaire.zzz
04/05/2018 14:36:19 [http-nio-8080-exec-7] DEBUG o.s.w.s.m.m.a.RequestMappingHandlerMapping - Returning handler method [org.springframework.web.servlet.ModelAndView fr.gtm.controller.IndexController.displayForm()]
04/05/2018 14:36:19 [http-nio-8080-exec-7] DEBUG o.s.web.servlet.DispatcherServlet - Last-Modified value for [/SpringBlog/formulaire.zzz] is: -1
04/05/2018 14:36:19 [http-nio-8080-exec-7] DEBUG o.s.web.servlet.DispatcherServlet - Rendering view [org.springframework.web.servlet.view.JstlView: name 'formulaire'; URL [/WEB-INF/views/formulaire.jsp]] in DispatcherServlet with name 'BestOfBlog'
04/05/2018 14:36:19 [http-nio-8080-exec-7] DEBUG o.s.web.servlet.view.JstlView - Forwarding to resource [/WEB-INF/views/formulaire.jsp] in InternalResourceView 'formulaire'
04/05/2018 14:36:19 [http-nio-8080-exec-7] DEBUG o.s.web.servlet.DispatcherServlet - Successfully completed request
